2026-03-04 00:00:44,309 - __main__ - INFO - Logging to outputs/deberta-harm-v1/train.log
2026-03-04 00:00:44,309 - __main__ - INFO - Training config: {'output_dir': './outputs/deberta-harm-v1', 'data_dir': None, 'epochs': 3, 'batch_size': 16, 'lr': 2e-05, 'warmup_ratio': 0.1, 'seed': 42, 'log_file': None}
2026-03-04 00:01:06,298 - train_loop.train - INFO - step 50 | loss=0.703700 | grad_norm=0.828896 | learning_rate=0.000004 | epoch=0.065703
2026-03-04 00:01:19,861 - train_loop.train - INFO - step 100 | loss=0.605800 | grad_norm=3.246557 | learning_rate=0.000009 | epoch=0.131406
2026-03-04 00:01:33,352 - train_loop.train - INFO - step 150 | loss=0.301600 | grad_norm=8.457185 | learning_rate=0.000013 | epoch=0.197109
2026-03-04 00:01:46,859 - train_loop.train - INFO - step 200 | loss=0.173000 | grad_norm=17.504450 | learning_rate=0.000017 | epoch=0.262812
2026-03-04 00:01:55,072 - train_loop.train - INFO - step 200 | eval_loss=0.122831 | eval_accuracy=0.964444 | eval_f1=0.962623 | eval_precision=0.965685 | eval_recall=0.959956 | eval_runtime=8.211000 | eval_samples_per_second=164.414000 | eval_steps_per_second=10.352000 | epoch=0.262812
2026-03-04 00:02:14,055 - train_loop.train - INFO - step 250 | loss=0.195200 | grad_norm=15.714773 | learning_rate=0.000020 | epoch=0.328515
2026-03-04 00:02:27,522 - train_loop.train - INFO - step 300 | loss=0.144800 | grad_norm=5.593490 | learning_rate=0.000019 | epoch=0.394218
2026-03-04 00:02:41,128 - train_loop.train - INFO - step 350 | loss=0.146100 | grad_norm=8.116138 | learning_rate=0.000019 | epoch=0.459921
2026-03-04 00:02:54,555 - train_loop.train - INFO - step 400 | loss=0.118400 | grad_norm=0.093784 | learning_rate=0.000018 | epoch=0.525624
2026-03-04 00:03:02,772 - train_loop.train - INFO - step 400 | eval_loss=0.089782 | eval_accuracy=0.978519 | eval_f1=0.977426 | eval_precision=0.980386 | eval_recall=0.974824 | eval_runtime=8.215100 | eval_samples_per_second=164.332000 | eval_steps_per_second=10.347000 | epoch=0.525624
2026-03-04 00:03:21,797 - train_loop.train - INFO - step 450 | loss=0.163500 | grad_norm=7.448553 | learning_rate=0.000018 | epoch=0.591327
2026-03-04 00:03:35,339 - train_loop.train - INFO - step 500 | loss=0.094500 | grad_norm=11.770459 | learning_rate=0.000017 | epoch=0.657030
2026-03-04 00:03:48,739 - train_loop.train - INFO - step 550 | loss=0.109400 | grad_norm=2.544127 | learning_rate=0.000017 | epoch=0.722733
2026-03-04 00:04:02,161 - train_loop.train - INFO - step 600 | loss=0.155700 | grad_norm=0.884219 | learning_rate=0.000016 | epoch=0.788436
2026-03-04 00:04:10,348 - train_loop.train - INFO - step 600 | eval_loss=0.049777 | eval_accuracy=0.984444 | eval_f1=0.983675 | eval_precision=0.985903 | eval_recall=0.981658 | eval_runtime=8.185500 | eval_samples_per_second=164.925000 | eval_steps_per_second=10.384000 | epoch=0.788436
2026-03-04 00:04:27,773 - train_loop.train - INFO - step 650 | loss=0.087200 | grad_norm=0.585185 | learning_rate=0.000016 | epoch=0.854139
2026-03-04 00:04:41,296 - train_loop.train - INFO - step 700 | loss=0.073400 | grad_norm=0.791494 | learning_rate=0.000015 | epoch=0.919842
2026-03-04 00:04:54,826 - train_loop.train - INFO - step 750 | loss=0.074700 | grad_norm=0.067838 | learning_rate=0.000015 | epoch=0.985545
2026-03-04 00:05:08,145 - train_loop.train - INFO - step 800 | loss=0.072500 | grad_norm=2.762772 | learning_rate=0.000014 | epoch=1.051248
2026-03-04 00:05:16,327 - train_loop.train - INFO - step 800 | eval_loss=0.048865 | eval_accuracy=0.988148 | eval_f1=0.987615 | eval_precision=0.987615 | eval_recall=0.987615 | eval_runtime=8.180200 | eval_samples_per_second=165.032000 | eval_steps_per_second=10.391000 | epoch=1.051248
2026-03-04 00:05:35,922 - train_loop.train - INFO - step 850 | loss=0.039400 | grad_norm=0.023452 | learning_rate=0.000014 | epoch=1.116951
2026-03-04 00:05:49,360 - train_loop.train - INFO - step 900 | loss=0.043200 | grad_norm=0.022440 | learning_rate=0.000013 | epoch=1.182654
2026-03-04 00:06:02,877 - train_loop.train - INFO - step 950 | loss=0.025400 | grad_norm=0.043111 | learning_rate=0.000013 | epoch=1.248357
2026-03-04 00:06:16,368 - train_loop.train - INFO - step 1000 | loss=0.056300 | grad_norm=1.018928 | learning_rate=0.000013 | epoch=1.314060
2026-03-04 00:06:24,568 - train_loop.train - INFO - step 1000 | eval_loss=0.088889 | eval_accuracy=0.980741 | eval_f1=0.979726 | eval_precision=0.983714 | eval_recall=0.976343 | eval_runtime=8.198000 | eval_samples_per_second=164.674000 | eval_steps_per_second=10.368000 | epoch=1.314060
2026-03-04 00:06:43,816 - train_loop.train - INFO - step 1050 | loss=0.046600 | grad_norm=0.049667 | learning_rate=0.000012 | epoch=1.379763
2026-03-04 00:06:57,300 - train_loop.train - INFO - step 1100 | loss=0.032600 | grad_norm=0.165028 | learning_rate=0.000012 | epoch=1.445466
2026-03-04 00:07:10,796 - train_loop.train - INFO - step 1150 | loss=0.053300 | grad_norm=0.038401 | learning_rate=0.000011 | epoch=1.511170
2026-03-04 00:07:24,322 - train_loop.train - INFO - step 1200 | loss=0.045000 | grad_norm=0.063902 | learning_rate=0.000011 | epoch=1.576873
2026-03-04 00:07:32,537 - train_loop.train - INFO - step 1200 | eval_loss=0.063173 | eval_accuracy=0.986667 | eval_f1=0.986040 | eval_precision=0.987021 | eval_recall=0.985104 | eval_runtime=8.212600 | eval_samples_per_second=164.381000 | eval_steps_per_second=10.350000 | epoch=1.576873
2026-03-04 00:07:50,262 - train_loop.train - INFO - step 1250 | loss=0.071200 | grad_norm=0.021732 | learning_rate=0.000010 | epoch=1.642576
2026-03-04 00:08:03,689 - train_loop.train - INFO - step 1300 | loss=0.026400 | grad_norm=0.019296 | learning_rate=0.000010 | epoch=1.708279
2026-03-04 00:08:17,193 - train_loop.train - INFO - step 1350 | loss=0.056000 | grad_norm=0.019125 | learning_rate=0.000009 | epoch=1.773982
2026-03-04 00:08:30,666 - train_loop.train - INFO - step 1400 | loss=0.036200 | grad_norm=0.022013 | learning_rate=0.000009 | epoch=1.839685
2026-03-04 00:08:38,871 - train_loop.train - INFO - step 1400 | eval_loss=0.044832 | eval_accuracy=0.991111 | eval_f1=0.990700 | eval_precision=0.991350 | eval_recall=0.990069 | eval_runtime=8.203500 | eval_samples_per_second=164.564000 | eval_steps_per_second=10.361000 | epoch=1.839685
2026-03-04 00:08:57,752 - train_loop.train - INFO - step 1450 | loss=0.020100 | grad_norm=0.007753 | learning_rate=0.000008 | epoch=1.905388
2026-03-04 00:09:11,174 - train_loop.train - INFO - step 1500 | loss=0.059300 | grad_norm=0.104317 | learning_rate=0.000008 | epoch=1.971091
2026-03-04 00:09:24,473 - train_loop.train - INFO - step 1550 | loss=0.032800 | grad_norm=0.026109 | learning_rate=0.000007 | epoch=2.036794
2026-03-04 00:09:37,955 - train_loop.train - INFO - step 1600 | loss=0.004900 | grad_norm=0.009394 | learning_rate=0.000007 | epoch=2.102497
2026-03-04 00:09:46,158 - train_loop.train - INFO - step 1600 | eval_loss=0.054614 | eval_accuracy=0.988148 | eval_f1=0.987607 | eval_precision=0.987925 | eval_recall=0.987294 | eval_runtime=8.201100 | eval_samples_per_second=164.613000 | eval_steps_per_second=10.365000 | epoch=2.102497
2026-03-04 00:10:09,124 - train_loop.train - INFO - step 1650 | loss=0.010100 | grad_norm=0.011077 | learning_rate=0.000006 | epoch=2.168200
2026-03-04 00:10:22,546 - train_loop.train - INFO - step 1700 | loss=0.010100 | grad_norm=0.048445 | learning_rate=0.000006 | epoch=2.233903
2026-03-04 00:10:36,031 - train_loop.train - INFO - step 1750 | loss=0.022000 | grad_norm=0.006261 | learning_rate=0.000005 | epoch=2.299606
2026-03-04 00:10:49,548 - train_loop.train - INFO - step 1800 | loss=0.005500 | grad_norm=0.005510 | learning_rate=0.000005 | epoch=2.365309
2026-03-04 00:10:57,773 - train_loop.train - INFO - step 1800 | eval_loss=0.058251 | eval_accuracy=0.987407 | eval_f1=0.986829 | eval_precision=0.987309 | eval_recall=0.986360 | eval_runtime=8.222400 | eval_samples_per_second=164.186000 | eval_steps_per_second=10.338000 | epoch=2.365309
2026-03-04 00:11:14,846 - train_loop.train - INFO - step 1850 | loss=0.009000 | grad_norm=0.007911 | learning_rate=0.000004 | epoch=2.431012
2026-03-04 00:11:28,271 - train_loop.train - INFO - step 1900 | loss=0.015000 | grad_norm=8.132548 | learning_rate=0.000004 | epoch=2.496715
2026-03-04 00:11:41,749 - train_loop.train - INFO - step 1950 | loss=0.021200 | grad_norm=0.007545 | learning_rate=0.000003 | epoch=2.562418
2026-03-04 00:11:55,307 - train_loop.train - INFO - step 2000 | loss=0.003900 | grad_norm=0.008273 | learning_rate=0.000003 | epoch=2.628121
2026-03-04 00:12:03,520 - train_loop.train - INFO - step 2000 | eval_loss=0.049346 | eval_accuracy=0.989630 | eval_f1=0.989142 | eval_precision=0.990129 | eval_recall=0.988200 | eval_runtime=8.211600 | eval_samples_per_second=164.402000 | eval_steps_per_second=10.351000 | epoch=2.628121
2026-03-04 00:12:22,462 - train_loop.train - INFO - step 2050 | loss=0.007000 | grad_norm=0.006862 | learning_rate=0.000002 | epoch=2.693824
2026-03-04 00:12:36,112 - train_loop.train - INFO - step 2100 | loss=0.010600 | grad_norm=0.006306 | learning_rate=0.000002 | epoch=2.759527
2026-03-04 00:12:49,654 - train_loop.train - INFO - step 2150 | loss=0.001000 | grad_norm=0.005121 | learning_rate=0.000001 | epoch=2.825230
2026-03-04 00:13:03,110 - train_loop.train - INFO - step 2200 | loss=0.000200 | grad_norm=0.004898 | learning_rate=0.000001 | epoch=2.890933
2026-03-04 00:13:11,298 - train_loop.train - INFO - step 2200 | eval_loss=0.056813 | eval_accuracy=0.988889 | eval_f1=0.988363 | eval_precision=0.989521 | eval_recall=0.987266 | eval_runtime=8.186700 | eval_samples_per_second=164.902000 | eval_steps_per_second=10.383000 | epoch=2.890933
2026-03-04 00:13:30,973 - train_loop.train - INFO - step 2250 | loss=0.022800 | grad_norm=0.007931 | learning_rate=0.000000 | epoch=2.956636
2026-03-04 00:13:45,214 - train_loop.train - INFO - step 2283 | train_runtime=774.838500 | train_samples_per_second=47.104000 | train_steps_per_second=2.946000 | total_flos=9603199517700096.000000 | train_loss=0.087937 | epoch=3.000000
2026-03-04 00:13:46,581 - __main__ - INFO - Training complete. Model saved to outputs/deberta-harm-v1
2026-03-04 00:39:31,627 - __main__ - INFO - Logging to outputs/deberta-harm-v1/train.log
2026-03-04 00:39:31,627 - __main__ - INFO - Training config: {'output_dir': './outputs/deberta-harm-v1', 'data_dir': None, 'epochs': 3, 'batch_size': 16, 'lr': 2e-05, 'warmup_ratio': 0.1, 'seed': 42, 'log_file': None}
2026-03-04 00:39:48,165 - train_loop.train - INFO - step 50 | loss=0.703700 | grad_norm=0.826597 | learning_rate=0.000004 | epoch=0.065703
2026-03-04 00:40:01,714 - train_loop.train - INFO - step 100 | loss=0.605600 | grad_norm=3.246744 | learning_rate=0.000009 | epoch=0.131406
2026-03-04 00:40:15,197 - train_loop.train - INFO - step 150 | loss=0.296000 | grad_norm=8.688362 | learning_rate=0.000013 | epoch=0.197109
2026-03-04 00:40:28,708 - train_loop.train - INFO - step 200 | loss=0.181300 | grad_norm=1.402058 | learning_rate=0.000017 | epoch=0.262812
2026-03-04 00:40:36,925 - train_loop.train - INFO - step 200 | eval_loss=0.149813 | eval_accuracy=0.957037 | eval_f1=0.954377 | eval_precision=0.963668 | eval_recall=0.947721 | eval_runtime=8.214900 | eval_samples_per_second=164.335000 | eval_steps_per_second=10.347000 | epoch=0.262812
2026-03-04 00:40:54,425 - train_loop.train - INFO - step 250 | loss=0.197000 | grad_norm=2.073227 | learning_rate=0.000020 | epoch=0.328515
2026-03-04 00:41:07,894 - train_loop.train - INFO - step 300 | loss=0.131500 | grad_norm=7.934706 | learning_rate=0.000019 | epoch=0.394218
2026-03-04 00:41:21,463 - train_loop.train - INFO - step 350 | loss=0.142400 | grad_norm=6.121284 | learning_rate=0.000019 | epoch=0.459921
2026-03-04 00:41:34,888 - train_loop.train - INFO - step 400 | loss=0.101900 | grad_norm=0.066243 | learning_rate=0.000018 | epoch=0.525624
2026-03-04 00:41:43,060 - train_loop.train - INFO - step 400 | eval_loss=0.092071 | eval_accuracy=0.980000 | eval_f1=0.978939 | eval_precision=0.983130 | eval_recall=0.975409 | eval_runtime=8.169600 | eval_samples_per_second=165.247000 | eval_steps_per_second=10.404000 | epoch=0.525624
2026-03-04 00:42:02,888 - train_loop.train - INFO - step 450 | loss=0.156800 | grad_norm=13.278274 | learning_rate=0.000018 | epoch=0.591327
2026-03-04 00:42:16,445 - train_loop.train - INFO - step 500 | loss=0.094800 | grad_norm=8.539597 | learning_rate=0.000017 | epoch=0.657030
2026-03-04 00:42:29,852 - train_loop.train - INFO - step 550 | loss=0.096100 | grad_norm=0.035016 | learning_rate=0.000017 | epoch=0.722733
2026-03-04 00:42:43,276 - train_loop.train - INFO - step 600 | loss=0.149200 | grad_norm=2.910871 | learning_rate=0.000016 | epoch=0.788436
2026-03-04 00:42:51,456 - train_loop.train - INFO - step 600 | eval_loss=0.033244 | eval_accuracy=0.986667 | eval_f1=0.986031 | eval_precision=0.987358 | eval_recall=0.984783 | eval_runtime=8.177500 | eval_samples_per_second=165.088000 | eval_steps_per_second=10.394000 | epoch=0.788436
2026-03-04 00:43:14,575 - train_loop.train - INFO - step 650 | loss=0.097100 | grad_norm=0.203751 | learning_rate=0.000016 | epoch=0.854139
2026-03-04 00:43:28,093 - train_loop.train - INFO - step 700 | loss=0.095300 | grad_norm=1.297997 | learning_rate=0.000015 | epoch=0.919842
2026-03-04 00:43:41,591 - train_loop.train - INFO - step 750 | loss=0.076200 | grad_norm=0.155991 | learning_rate=0.000015 | epoch=0.985545
2026-03-04 00:43:54,886 - train_loop.train - INFO - step 800 | loss=0.070500 | grad_norm=3.011573 | learning_rate=0.000014 | epoch=1.051248
2026-03-04 00:44:03,092 - train_loop.train - INFO - step 800 | eval_loss=0.044127 | eval_accuracy=0.987407 | eval_f1=0.986846 | eval_precision=0.986690 | eval_recall=0.987002 | eval_runtime=8.204000 | eval_samples_per_second=164.553000 | eval_steps_per_second=10.361000 | epoch=1.051248
2026-03-04 00:44:23,101 - train_loop.train - INFO - step 850 | loss=0.055300 | grad_norm=0.887577 | learning_rate=0.000014 | epoch=1.116951
2026-03-04 00:44:36,545 - train_loop.train - INFO - step 900 | loss=0.028200 | grad_norm=0.028980 | learning_rate=0.000013 | epoch=1.182654
2026-03-04 00:44:50,041 - train_loop.train - INFO - step 950 | loss=0.026000 | grad_norm=0.524255 | learning_rate=0.000013 | epoch=1.248357
2026-03-04 00:45:03,543 - train_loop.train - INFO - step 1000 | loss=0.045900 | grad_norm=0.040956 | learning_rate=0.000013 | epoch=1.314060
2026-03-04 00:45:11,716 - train_loop.train - INFO - step 1000 | eval_loss=0.053428 | eval_accuracy=0.985926 | eval_f1=0.985220 | eval_precision=0.987836 | eval_recall=0.982885 | eval_runtime=8.171000 | eval_samples_per_second=165.218000 | eval_steps_per_second=10.403000 | epoch=1.314060
2026-03-04 00:45:29,989 - train_loop.train - INFO - step 1050 | loss=0.050800 | grad_norm=1.386455 | learning_rate=0.000012 | epoch=1.379763
2026-03-04 00:45:43,497 - train_loop.train - INFO - step 1100 | loss=0.048500 | grad_norm=0.028603 | learning_rate=0.000012 | epoch=1.445466
2026-03-04 00:45:56,965 - train_loop.train - INFO - step 1150 | loss=0.047700 | grad_norm=0.098736 | learning_rate=0.000011 | epoch=1.511170
2026-03-04 00:46:10,475 - train_loop.train - INFO - step 1200 | loss=0.051300 | grad_norm=0.024445 | learning_rate=0.000011 | epoch=1.576873
2026-03-04 00:46:18,643 - train_loop.train - INFO - step 1200 | eval_loss=0.061166 | eval_accuracy=0.985926 | eval_f1=0.985230 | eval_precision=0.987465 | eval_recall=0.983206 | eval_runtime=8.166100 | eval_samples_per_second=165.317000 | eval_steps_per_second=10.409000 | epoch=1.576873
2026-03-04 00:46:37,024 - train_loop.train - INFO - step 1250 | loss=0.055800 | grad_norm=0.021049 | learning_rate=0.000010 | epoch=1.642576
2026-03-04 00:46:50,447 - train_loop.train - INFO - step 1300 | loss=0.012400 | grad_norm=0.051841 | learning_rate=0.000010 | epoch=1.708279
2026-03-04 00:47:03,949 - train_loop.train - INFO - step 1350 | loss=0.040200 | grad_norm=0.012396 | learning_rate=0.000009 | epoch=1.773982
2026-03-04 00:47:17,422 - train_loop.train - INFO - step 1400 | loss=0.057100 | grad_norm=27.624962 | learning_rate=0.000009 | epoch=1.839685
2026-03-04 00:47:25,619 - train_loop.train - INFO - step 1400 | eval_loss=0.073498 | eval_accuracy=0.981481 | eval_f1=0.980513 | eval_precision=0.984298 | eval_recall=0.977278 | eval_runtime=8.195000 | eval_samples_per_second=164.734000 | eval_steps_per_second=10.372000 | epoch=1.839685
2026-03-04 00:47:45,697 - train_loop.train - INFO - step 1450 | loss=0.021200 | grad_norm=0.008629 | learning_rate=0.000008 | epoch=1.905388
2026-03-04 00:47:59,117 - train_loop.train - INFO - step 1500 | loss=0.056900 | grad_norm=0.146640 | learning_rate=0.000008 | epoch=1.971091
2026-03-04 00:48:12,414 - train_loop.train - INFO - step 1550 | loss=0.020100 | grad_norm=0.012207 | learning_rate=0.000007 | epoch=2.036794
2026-03-04 00:48:25,891 - train_loop.train - INFO - step 1600 | loss=0.006800 | grad_norm=0.008001 | learning_rate=0.000007 | epoch=2.102497
2026-03-04 00:48:34,047 - train_loop.train - INFO - step 1600 | eval_loss=0.052945 | eval_accuracy=0.989630 | eval_f1=0.989135 | eval_precision=0.990471 | eval_recall=0.987879 | eval_runtime=8.153600 | eval_samples_per_second=165.572000 | eval_steps_per_second=10.425000 | epoch=2.102497
2026-03-04 00:48:52,212 - train_loop.train - INFO - step 1650 | loss=0.014900 | grad_norm=7.426344 | learning_rate=0.000006 | epoch=2.168200
2026-03-04 00:49:05,633 - train_loop.train - INFO - step 1700 | loss=0.001400 | grad_norm=0.016201 | learning_rate=0.000006 | epoch=2.233903
2026-03-04 00:49:19,111 - train_loop.train - INFO - step 1750 | loss=0.034200 | grad_norm=0.009268 | learning_rate=0.000005 | epoch=2.299606
2026-03-04 00:49:32,623 - train_loop.train - INFO - step 1800 | loss=0.008500 | grad_norm=0.009897 | learning_rate=0.000005 | epoch=2.365309
2026-03-04 00:49:40,841 - train_loop.train - INFO - step 1800 | eval_loss=0.039578 | eval_accuracy=0.991852 | eval_f1=0.991472 | eval_precision=0.992292 | eval_recall=0.990683 | eval_runtime=8.215700 | eval_samples_per_second=164.319000 | eval_steps_per_second=10.346000 | epoch=2.365309
2026-03-04 00:49:58,483 - train_loop.train - INFO - step 1850 | loss=0.001100 | grad_norm=0.007457 | learning_rate=0.000004 | epoch=2.431012
2026-03-04 00:50:11,916 - train_loop.train - INFO - step 1900 | loss=0.013900 | grad_norm=6.965327 | learning_rate=0.000004 | epoch=2.496715
2026-03-04 00:50:25,385 - train_loop.train - INFO - step 1950 | loss=0.025200 | grad_norm=0.007193 | learning_rate=0.000003 | epoch=2.562418
2026-03-04 00:50:38,920 - train_loop.train - INFO - step 2000 | loss=0.007000 | grad_norm=0.009388 | learning_rate=0.000003 | epoch=2.628121
2026-03-04 00:50:47,109 - train_loop.train - INFO - step 2000 | eval_loss=0.030475 | eval_accuracy=0.993333 | eval_f1=0.993031 | eval_precision=0.993191 | eval_recall=0.992873 | eval_runtime=8.187100 | eval_samples_per_second=164.894000 | eval_steps_per_second=10.382000 | epoch=2.628121
2026-03-04 00:51:05,481 - train_loop.train - INFO - step 2050 | loss=0.001700 | grad_norm=0.006352 | learning_rate=0.000002 | epoch=2.693824
2026-03-04 00:51:19,130 - train_loop.train - INFO - step 2100 | loss=0.018300 | grad_norm=0.006092 | learning_rate=0.000002 | epoch=2.759527
2026-03-04 00:51:32,683 - train_loop.train - INFO - step 2150 | loss=0.014100 | grad_norm=0.005655 | learning_rate=0.000001 | epoch=2.825230
2026-03-04 00:51:46,151 - train_loop.train - INFO - step 2200 | loss=0.000300 | grad_norm=0.007336 | learning_rate=0.000001 | epoch=2.890933
2026-03-04 00:51:54,351 - train_loop.train - INFO - step 2200 | eval_loss=0.044128 | eval_accuracy=0.991111 | eval_f1=0.990693 | eval_precision=0.991683 | eval_recall=0.989748 | eval_runtime=8.197700 | eval_samples_per_second=164.679000 | eval_steps_per_second=10.369000 | epoch=2.890933
2026-03-04 00:52:13,770 - train_loop.train - INFO - step 2250 | loss=0.009200 | grad_norm=0.009788 | learning_rate=0.000000 | epoch=2.956636
2026-03-04 00:52:27,529 - train_loop.train - INFO - step 2283 | train_runtime=773.349900 | train_samples_per_second=47.195000 | train_steps_per_second=2.952000 | total_flos=9603199517700096.000000 | train_loss=0.087152 | epoch=3.000000
2026-03-04 00:52:34,290 - __main__ - INFO - Training complete. Model saved to outputs/deberta-harm-v1
